  ConsoleVectorUnitTests.cpp
C:\Users\User\Documents\GitHub\Math-Library\GDP102 Maths For Games Maths Library Assessment Starting Solution\maths library\ConsoleVectorUnitTests.h(19,52): warning C4114: same type qualifier used more than once
  (compiling source file 'ConsoleVectorUnitTests.cpp')
  
C:\Users\User\Documents\GitHub\Math-Library\GDP102 Maths For Games Maths Library Assessment Starting Solution\maths library\ConsoleVectorUnitTests.h(20,52): warning C4114: same type qualifier used more than once
  (compiling source file 'ConsoleVectorUnitTests.cpp')
  
C:\Users\User\Documents\GitHub\Math-Library\GDP102 Maths For Games Maths Library Assessment Starting Solution\maths library\ConsoleVectorUnitTests.h(21,52): warning C4114: same type qualifier used more than once
  (compiling source file 'ConsoleVectorUnitTests.cpp')
  
C:\Users\User\Documents\GitHub\Math-Library\GDP102 Maths For Games Maths Library Assessment Starting Solution\maths library\ConsoleVectorUnitTests.cpp(78,19): warning C4305: 'argument': truncation from 'double' to 'float'
C:\Users\User\Documents\GitHub\Math-Library\GDP102 Maths For Games Maths Library Assessment Starting Solution\maths library\ConsoleVectorUnitTests.cpp(78,13): warning C4305: 'argument': truncation from 'double' to 'float'
C:\Users\User\Documents\GitHub\Math-Library\GDP102 Maths For Games Maths Library Assessment Starting Solution\maths library\ConsoleVectorUnitTests.cpp(82,19): warning C4305: 'argument': truncation from 'double' to 'float'
C:\Users\User\Documents\GitHub\Math-Library\GDP102 Maths For Games Maths Library Assessment Starting Solution\maths library\ConsoleVectorUnitTests.cpp(82,13): warning C4305: 'argument': truncation from 'double' to 'float'
C:\Users\User\Documents\GitHub\Math-Library\GDP102 Maths For Games Maths Library Assessment Starting Solution\maths library\ConsoleVectorUnitTests.cpp(85,17): warning C4305: 'argument': truncation from 'double' to 'float'
C:\Users\User\Documents\GitHub\Math-Library\GDP102 Maths For Games Maths Library Assessment Starting Solution\maths library\ConsoleVectorUnitTests.cpp(88,20): warning C4305: 'argument': truncation from 'double' to 'float'
C:\Users\User\Documents\GitHub\Math-Library\GDP102 Maths For Games Maths Library Assessment Starting Solution\maths library\ConsoleVectorUnitTests.cpp(135,20): warning C4305: 'argument': truncation from 'double' to 'float'
C:\Users\User\Documents\GitHub\Math-Library\GDP102 Maths For Games Maths Library Assessment Starting Solution\maths library\ConsoleVectorUnitTests.cpp(135,13): warning C4305: 'argument': truncation from 'double' to 'float'
C:\Users\User\Documents\GitHub\Math-Library\GDP102 Maths For Games Maths Library Assessment Starting Solution\maths library\ConsoleVectorUnitTests.cpp(138,29): warning C4305: 'argument': truncation from 'double' to 'float'
C:\Users\User\Documents\GitHub\Math-Library\GDP102 Maths For Games Maths Library Assessment Starting Solution\maths library\ConsoleVectorUnitTests.cpp(138,21): warning C4305: 'argument': truncation from 'double' to 'float'
C:\Users\User\Documents\GitHub\Math-Library\GDP102 Maths For Games Maths Library Assessment Starting Solution\maths library\ConsoleVectorUnitTests.cpp(138,13): warning C4305: 'argument': truncation from 'double' to 'float'
C:\Users\User\Documents\GitHub\Math-Library\GDP102 Maths For Games Maths Library Assessment Starting Solution\maths library\ConsoleVectorUnitTests.cpp(147,23): warning C4305: 'argument': truncation from 'double' to 'float'
C:\Users\User\Documents\GitHub\Math-Library\GDP102 Maths For Games Maths Library Assessment Starting Solution\maths library\ConsoleVectorUnitTests.cpp(153,27): warning C4305: 'argument': truncation from 'double' to 'float'
C:\Users\User\Documents\GitHub\Math-Library\GDP102 Maths For Games Maths Library Assessment Starting Solution\maths library\ConsoleVectorUnitTests.cpp(153,20): warning C4305: 'argument': truncation from 'double' to 'float'
C:\Users\User\Documents\GitHub\Math-Library\GDP102 Maths For Games Maths Library Assessment Starting Solution\maths library\ConsoleVectorUnitTests.cpp(153,13): warning C4305: 'argument': truncation from 'double' to 'float'
C:\Users\User\Documents\GitHub\Math-Library\GDP102 Maths For Games Maths Library Assessment Starting Solution\maths library\ConsoleVectorUnitTests.cpp(158,25): warning C4305: 'argument': truncation from 'double' to 'float'
C:\Users\User\Documents\GitHub\Math-Library\GDP102 Maths For Games Maths Library Assessment Starting Solution\maths library\ConsoleVectorUnitTests.cpp(158,18): warning C4305: 'argument': truncation from 'double' to 'float'
C:\Users\User\Documents\GitHub\Math-Library\GDP102 Maths For Games Maths Library Assessment Starting Solution\maths library\ConsoleVectorUnitTests.cpp(158,13): warning C4305: 'argument': truncation from 'double' to 'float'
C:\Users\User\Documents\GitHub\Math-Library\GDP102 Maths For Games Maths Library Assessment Starting Solution\maths library\ConsoleVectorUnitTests.cpp(161,17): warning C4305: 'argument': truncation from 'double' to 'float'
C:\Users\User\Documents\GitHub\Math-Library\GDP102 Maths For Games Maths Library Assessment Starting Solution\maths library\ConsoleVectorUnitTests.cpp(163,20): warning C4305: 'argument': truncation from 'double' to 'float'
C:\Users\User\Documents\GitHub\Math-Library\GDP102 Maths For Games Maths Library Assessment Starting Solution\maths library\ConsoleVectorUnitTests.cpp(198,31): warning C4305: 'argument': truncation from 'double' to 'float'
C:\Users\User\Documents\GitHub\Math-Library\GDP102 Maths For Games Maths Library Assessment Starting Solution\maths library\ConsoleVectorUnitTests.cpp(199,26): warning C4305: 'argument': truncation from 'double' to 'float'
C:\Users\User\Documents\GitHub\Math-Library\GDP102 Maths For Games Maths Library Assessment Starting Solution\maths library\ConsoleVectorUnitTests.cpp(201,29): warning C4305: 'argument': truncation from 'double' to 'float'
C:\Users\User\Documents\GitHub\Math-Library\GDP102 Maths For Games Maths Library Assessment Starting Solution\maths library\ConsoleVectorUnitTests.cpp(202,29): warning C4305: 'argument': truncation from 'double' to 'float'
C:\Users\User\Documents\GitHub\Math-Library\GDP102 Maths For Games Maths Library Assessment Starting Solution\maths library\ConsoleVectorUnitTests.cpp(205,30): warning C4305: 'argument': truncation from 'double' to 'float'
C:\Users\User\Documents\GitHub\Math-Library\GDP102 Maths For Games Maths Library Assessment Starting Solution\maths library\ConsoleVectorUnitTests.cpp(205,19): warning C4305: 'argument': truncation from 'double' to 'float'
C:\Users\User\Documents\GitHub\Math-Library\GDP102 Maths For Games Maths Library Assessment Starting Solution\maths library\ConsoleVectorUnitTests.cpp(205,13): warning C4305: 'argument': truncation from 'double' to 'float'
C:\Users\User\Documents\GitHub\Math-Library\GDP102 Maths For Games Maths Library Assessment Starting Solution\maths library\ConsoleVectorUnitTests.cpp(207,8): warning C4305: 'argument': truncation from 'double' to 'float'
C:\Users\User\Documents\GitHub\Math-Library\GDP102 Maths For Games Maths Library Assessment Starting Solution\maths library\ConsoleVectorUnitTests.cpp(208,33): warning C4305: 'argument': truncation from 'double' to 'float'
C:\Users\User\Documents\GitHub\Math-Library\GDP102 Maths For Games Maths Library Assessment Starting Solution\maths library\ConsoleVectorUnitTests.cpp(208,26): warning C4305: 'argument': truncation from 'double' to 'float'
C:\Users\User\Documents\GitHub\Math-Library\GDP102 Maths For Games Maths Library Assessment Starting Solution\maths library\ConsoleVectorUnitTests.cpp(208,20): warning C4305: 'argument': truncation from 'double' to 'float'
C:\Users\User\Documents\GitHub\Math-Library\GDP102 Maths For Games Maths Library Assessment Starting Solution\maths library\ConsoleVectorUnitTests.cpp(208,13): warning C4305: 'argument': truncation from 'double' to 'float'
C:\Users\User\Documents\GitHub\Math-Library\GDP102 Maths For Games Maths Library Assessment Starting Solution\maths library\ConsoleVectorUnitTests.cpp(211,23): warning C4305: 'argument': truncation from 'double' to 'float'
C:\Users\User\Documents\GitHub\Math-Library\GDP102 Maths For Games Maths Library Assessment Starting Solution\maths library\ConsoleVectorUnitTests.cpp(211,15): warning C4305: 'argument': truncation from 'double' to 'float'
C:\Users\User\Documents\GitHub\Math-Library\GDP102 Maths For Games Maths Library Assessment Starting Solution\maths library\ConsoleVectorUnitTests.cpp(214,33): warning C4305: 'argument': truncation from 'double' to 'float'
C:\Users\User\Documents\GitHub\Math-Library\GDP102 Maths For Games Maths Library Assessment Starting Solution\maths library\ConsoleVectorUnitTests.cpp(214,25): warning C4305: 'argument': truncation from 'double' to 'float'
C:\Users\User\Documents\GitHub\Math-Library\GDP102 Maths For Games Maths Library Assessment Starting Solution\maths library\ConsoleVectorUnitTests.cpp(214,17): warning C4305: 'argument': truncation from 'double' to 'float'
C:\Users\User\Documents\GitHub\Math-Library\GDP102 Maths For Games Maths Library Assessment Starting Solution\maths library\ConsoleVectorUnitTests.cpp(214,12): warning C4305: 'argument': truncation from 'double' to 'float'
C:\Users\User\Documents\GitHub\Math-Library\GDP102 Maths For Games Maths Library Assessment Starting Solution\maths library\ConsoleVectorUnitTests.cpp(216,19): warning C4305: 'argument': truncation from 'double' to 'float'
C:\Users\User\Documents\GitHub\Math-Library\GDP102 Maths For Games Maths Library Assessment Starting Solution\maths library\ConsoleVectorUnitTests.cpp(217,10): warning C4305: 'argument': truncation from 'double' to 'float'
C:\Users\User\Documents\GitHub\Math-Library\GDP102 Maths For Games Maths Library Assessment Starting Solution\maths library\ConsoleVectorUnitTests.cpp(218,20): warning C4305: 'argument': truncation from 'double' to 'float'
C:\Users\User\Documents\GitHub\Math-Library\GDP102 Maths For Games Maths Library Assessment Starting Solution\maths library\ConsoleVectorUnitTests.cpp(226,18): warning C4305: 'argument': truncation from 'double' to 'float'
C:\Users\User\Documents\GitHub\Math-Library\GDP102 Maths For Games Maths Library Assessment Starting Solution\maths library\ConsoleVectorUnitTests.cpp(226,13): warning C4305: 'argument': truncation from 'double' to 'float'
C:\Users\User\Documents\GitHub\Math-Library\GDP102 Maths For Games Maths Library Assessment Starting Solution\maths library\ConsoleVectorUnitTests.cpp(227,23): warning C4305: 'argument': truncation from 'double' to 'float'
C:\Users\User\Documents\GitHub\Math-Library\GDP102 Maths For Games Maths Library Assessment Starting Solution\maths library\ConsoleVectorUnitTests.cpp(229,19): warning C4305: 'argument': truncation from 'double' to 'float'
C:\Users\User\Documents\GitHub\Math-Library\GDP102 Maths For Games Maths Library Assessment Starting Solution\maths library\ConsoleVectorUnitTests.cpp(230,26): warning C4305: 'argument': truncation from 'double' to 'float'
C:\Users\User\Documents\GitHub\Math-Library\GDP102 Maths For Games Maths Library Assessment Starting Solution\maths library\ConsoleVectorUnitTests.cpp(233,32): warning C4305: 'argument': truncation from 'double' to 'float'
C:\Users\User\Documents\GitHub\Math-Library\GDP102 Maths For Games Maths Library Assessment Starting Solution\maths library\ConsoleVectorUnitTests.cpp(233,25): warning C4305: 'argument': truncation from 'double' to 'float'
C:\Users\User\Documents\GitHub\Math-Library\GDP102 Maths For Games Maths Library Assessment Starting Solution\maths library\ConsoleVectorUnitTests.cpp(233,20): warning C4305: 'argument': truncation from 'double' to 'float'
C:\Users\User\Documents\GitHub\Math-Library\GDP102 Maths For Games Maths Library Assessment Starting Solution\maths library\ConsoleVectorUnitTests.cpp(233,13): warning C4305: 'argument': truncation from 'double' to 'float'
C:\Users\User\Documents\GitHub\Math-Library\GDP102 Maths For Games Maths Library Assessment Starting Solution\maths library\ConsoleVectorUnitTests.cpp(235,20): warning C4305: 'argument': truncation from 'double' to 'float'
C:\Users\User\Documents\GitHub\Math-Library\GDP102 Maths For Games Maths Library Assessment Starting Solution\maths library\ConsoleVectorUnitTests.cpp(237,32): warning C4305: 'argument': truncation from 'double' to 'float'
C:\Users\User\Documents\GitHub\Math-Library\GDP102 Maths For Games Maths Library Assessment Starting Solution\maths library\ConsoleVectorUnitTests.cpp(237,25): warning C4305: 'argument': truncation from 'double' to 'float'
C:\Users\User\Documents\GitHub\Math-Library\GDP102 Maths For Games Maths Library Assessment Starting Solution\maths library\ConsoleVectorUnitTests.cpp(237,18): warning C4305: 'argument': truncation from 'double' to 'float'
C:\Users\User\Documents\GitHub\Math-Library\GDP102 Maths For Games Maths Library Assessment Starting Solution\maths library\ConsoleVectorUnitTests.cpp(237,13): warning C4305: 'argument': truncation from 'double' to 'float'
C:\Users\User\Documents\GitHub\Math-Library\GDP102 Maths For Games Maths Library Assessment Starting Solution\maths library\ConsoleVectorUnitTests.cpp(239,44): warning C4305: 'argument': truncation from 'double' to 'float'
C:\Users\User\Documents\GitHub\Math-Library\GDP102 Maths For Games Maths Library Assessment Starting Solution\maths library\ConsoleVectorUnitTests.cpp(239,39): warning C4305: 'argument': truncation from 'double' to 'float'
C:\Users\User\Documents\GitHub\Math-Library\GDP102 Maths For Games Maths Library Assessment Starting Solution\maths library\ConsoleVectorUnitTests.cpp(240,17): warning C4305: 'argument': truncation from 'double' to 'float'
C:\Users\User\Documents\GitHub\Math-Library\GDP102 Maths For Games Maths Library Assessment Starting Solution\maths library\ConsoleVectorUnitTests.cpp(242,54): warning C4305: 'argument': truncation from 'double' to 'float'
C:\Users\User\Documents\GitHub\Math-Library\GDP102 Maths For Games Maths Library Assessment Starting Solution\maths library\ConsoleVectorUnitTests.cpp(242,49): warning C4305: 'argument': truncation from 'double' to 'float'
C:\Users\User\Documents\GitHub\Math-Library\GDP102 Maths For Games Maths Library Assessment Starting Solution\maths library\ConsoleVectorUnitTests.cpp(242,45): warning C4305: 'argument': truncation from 'double' to 'float'
C:\Users\User\Documents\GitHub\Math-Library\GDP102 Maths For Games Maths Library Assessment Starting Solution\maths library\ConsoleVectorUnitTests.cpp(243,20): warning C4305: 'argument': truncation from 'double' to 'float'
  maths library unit tests.cpp
C:\Users\User\Documents\GitHub\Math-Library\GDP102 Maths For Games Maths Library Assessment Starting Solution\maths library\ConsoleVectorUnitTests.h(19,52): warning C4114: same type qualifier used more than once
  (compiling source file 'maths%20library%20unit%20tests.cpp')
  
C:\Users\User\Documents\GitHub\Math-Library\GDP102 Maths For Games Maths Library Assessment Starting Solution\maths library\ConsoleVectorUnitTests.h(20,52): warning C4114: same type qualifier used more than once
  (compiling source file 'maths%20library%20unit%20tests.cpp')
  
C:\Users\User\Documents\GitHub\Math-Library\GDP102 Maths For Games Maths Library Assessment Starting Solution\maths library\ConsoleVectorUnitTests.h(21,52): warning C4114: same type qualifier used more than once
  (compiling source file 'maths%20library%20unit%20tests.cpp')
  
  Generating Code...
ConsoleVectorUnitTests.obj : error LNK2019: unresolved external symbol "public: float __cdecl Vector2::dot(class Vector2 const &)const " (?dot@Vector2@@QEBAMAEBV1@@Z) referenced in function "public: int __cdecl ConsoleVectorUnitTests::vector2Tests(void)" (?vector2Tests@ConsoleVectorUnitTests@@QEAAHXZ)
ConsoleVectorUnitTests.obj : error LNK2019: unresolved external symbol "public: float __cdecl Vector2::magnitude(void)const " (?magnitude@Vector2@@QEBAMXZ) referenced in function "public: int __cdecl ConsoleVectorUnitTests::vector2Tests(void)" (?vector2Tests@ConsoleVectorUnitTests@@QEAAHXZ)
ConsoleVectorUnitTests.obj : error LNK2019: unresolved external symbol "public: float __cdecl Vector2::magnitudeSqr(void)const " (?magnitudeSqr@Vector2@@QEBAMXZ) referenced in function "public: int __cdecl ConsoleVectorUnitTests::vector2Tests(void)" (?vector2Tests@ConsoleVectorUnitTests@@QEAAHXZ)
ConsoleVectorUnitTests.obj : error LNK2019: unresolved external symbol "public: void __cdecl Vector2::normalise(void)" (?normalise@Vector2@@QEAAXXZ) referenced in function "public: int __cdecl ConsoleVectorUnitTests::vector2Tests(void)" (?vector2Tests@ConsoleVectorUnitTests@@QEAAHXZ)
ConsoleVectorUnitTests.obj : error LNK2019: unresolved external symbol "public: class Vector2 __cdecl Vector2::normalised(void)const " (?normalised@Vector2@@QEBA?AV1@XZ) referenced in function "public: int __cdecl ConsoleVectorUnitTests::vector2Tests(void)" (?vector2Tests@ConsoleVectorUnitTests@@QEAAHXZ)
ConsoleVectorUnitTests.obj : error LNK2019: unresolved external symbol "public: float __cdecl Vector2::distanceTo(class Vector2 const &)const " (?distanceTo@Vector2@@QEBAMAEBV1@@Z) referenced in function "public: int __cdecl ConsoleVectorUnitTests::vector2Tests(void)" (?vector2Tests@ConsoleVectorUnitTests@@QEAAHXZ)
ConsoleVectorUnitTests.obj : error LNK2019: unresolved external symbol "public: float __cdecl Vector2::distanceToSqr(class Vector2 const &)const " (?distanceToSqr@Vector2@@QEBAMAEBV1@@Z) referenced in function "public: int __cdecl ConsoleVectorUnitTests::vector2Tests(void)" (?vector2Tests@ConsoleVectorUnitTests@@QEAAHXZ)
ConsoleVectorUnitTests.obj : error LNK2019: unresolved external symbol "public: float __cdecl Vector3::dot(class Vector3 const &)const " (?dot@Vector3@@QEBAMAEBV1@@Z) referenced in function "public: int __cdecl ConsoleVectorUnitTests::vector3Tests(void)" (?vector3Tests@ConsoleVectorUnitTests@@QEAAHXZ)
ConsoleVectorUnitTests.obj : error LNK2019: unresolved external symbol "public: class Vector3 __cdecl Vector3::cross(class Vector3 const &)const " (?cross@Vector3@@QEBA?AV1@AEBV1@@Z) referenced in function "public: int __cdecl ConsoleVectorUnitTests::vector3Tests(void)" (?vector3Tests@ConsoleVectorUnitTests@@QEAAHXZ)
ConsoleVectorUnitTests.obj : error LNK2019: unresolved external symbol "public: float __cdecl Vector3::magnitude(void)const " (?magnitude@Vector3@@QEBAMXZ) referenced in function "public: int __cdecl ConsoleVectorUnitTests::vector3Tests(void)" (?vector3Tests@ConsoleVectorUnitTests@@QEAAHXZ)
ConsoleVectorUnitTests.obj : error LNK2019: unresolved external symbol "public: float __cdecl Vector3::magnitudeSqr(void)const " (?magnitudeSqr@Vector3@@QEBAMXZ) referenced in function "public: int __cdecl ConsoleVectorUnitTests::vector3Tests(void)" (?vector3Tests@ConsoleVectorUnitTests@@QEAAHXZ)
ConsoleVectorUnitTests.obj : error LNK2019: unresolved external symbol "public: void __cdecl Vector3::normalise(void)" (?normalise@Vector3@@QEAAXXZ) referenced in function "public: int __cdecl ConsoleVectorUnitTests::vector3Tests(void)" (?vector3Tests@ConsoleVectorUnitTests@@QEAAHXZ)
ConsoleVectorUnitTests.obj : error LNK2019: unresolved external symbol "public: class Vector3 __cdecl Vector3::normalised(void)const " (?normalised@Vector3@@QEBA?AV1@XZ) referenced in function "public: int __cdecl ConsoleVectorUnitTests::vector3Tests(void)" (?vector3Tests@ConsoleVectorUnitTests@@QEAAHXZ)
ConsoleVectorUnitTests.obj : error LNK2019: unresolved external symbol "public: float __cdecl Vector3::distanceTo(class Vector3 const &)const " (?distanceTo@Vector3@@QEBAMAEBV1@@Z) referenced in function "public: int __cdecl ConsoleVectorUnitTests::vector3Tests(void)" (?vector3Tests@ConsoleVectorUnitTests@@QEAAHXZ)
ConsoleVectorUnitTests.obj : error LNK2019: unresolved external symbol "public: float __cdecl Vector3::distanceToSqr(class Vector3 const &)const " (?distanceToSqr@Vector3@@QEBAMAEBV1@@Z) referenced in function "public: int __cdecl ConsoleVectorUnitTests::vector3Tests(void)" (?vector3Tests@ConsoleVectorUnitTests@@QEAAHXZ)
ConsoleVectorUnitTests.obj : error LNK2019: unresolved external symbol "public: float __cdecl Vector4::dot(class Vector4 const &)const " (?dot@Vector4@@QEBAMAEBV1@@Z) referenced in function "public: int __cdecl ConsoleVectorUnitTests::vector4Tests(void)" (?vector4Tests@ConsoleVectorUnitTests@@QEAAHXZ)
ConsoleVectorUnitTests.obj : error LNK2019: unresolved external symbol "public: class Vector4 __cdecl Vector4::cross(class Vector4 const &)const " (?cross@Vector4@@QEBA?AV1@AEBV1@@Z) referenced in function "public: int __cdecl ConsoleVectorUnitTests::vector4Tests(void)" (?vector4Tests@ConsoleVectorUnitTests@@QEAAHXZ)
ConsoleVectorUnitTests.obj : error LNK2019: unresolved external symbol "public: float __cdecl Vector4::magnitude(void)const " (?magnitude@Vector4@@QEBAMXZ) referenced in function "public: int __cdecl ConsoleVectorUnitTests::vector4Tests(void)" (?vector4Tests@ConsoleVectorUnitTests@@QEAAHXZ)
ConsoleVectorUnitTests.obj : error LNK2019: unresolved external symbol "public: float __cdecl Vector4::magnitudeSqr(void)const " (?magnitudeSqr@Vector4@@QEBAMXZ) referenced in function "public: int __cdecl ConsoleVectorUnitTests::vector4Tests(void)" (?vector4Tests@ConsoleVectorUnitTests@@QEAAHXZ)
ConsoleVectorUnitTests.obj : error LNK2019: unresolved external symbol "public: void __cdecl Vector4::normalise(void)" (?normalise@Vector4@@QEAAXXZ) referenced in function "public: int __cdecl ConsoleVectorUnitTests::vector4Tests(void)" (?vector4Tests@ConsoleVectorUnitTests@@QEAAHXZ)
ConsoleVectorUnitTests.obj : error LNK2019: unresolved external symbol "public: class Vector4 __cdecl Vector4::normalised(void)const " (?normalised@Vector4@@QEBA?AV1@XZ) referenced in function "public: int __cdecl ConsoleVectorUnitTests::vector4Tests(void)" (?vector4Tests@ConsoleVectorUnitTests@@QEAAHXZ)
ConsoleVectorUnitTests.obj : error LNK2019: unresolved external symbol "public: float __cdecl Vector4::distanceTo(class Vector4 const &)const " (?distanceTo@Vector4@@QEBAMAEBV1@@Z) referenced in function "public: int __cdecl ConsoleVectorUnitTests::vector4Tests(void)" (?vector4Tests@ConsoleVectorUnitTests@@QEAAHXZ)
ConsoleVectorUnitTests.obj : error LNK2019: unresolved external symbol "public: float __cdecl Vector4::distanceToSqr(class Vector4 const &)const " (?distanceToSqr@Vector4@@QEBAMAEBV1@@Z) referenced in function "public: int __cdecl ConsoleVectorUnitTests::vector4Tests(void)" (?vector4Tests@ConsoleVectorUnitTests@@QEAAHXZ)
C:\Users\User\Documents\GitHub\Math-Library\GDP102 Maths For Games Maths Library Assessment Starting Solution\x64\Debug\maths library unit tests.exe : fatal error LNK1120: 23 unresolved externals
